<?xml version="1.0" encoding="UTF-8"?>
<!-- Generated by org.testng.reporters.JUnitReportReporter -->
<testsuite hostname="Cristhians-MacBook-Pro.local" name="fps.regression_mainsuite.LoginTestCases" tests="1" failures="0" timestamp="15 Jun 2016 13:57:10 GMT" time="0.001" errors="0">
  <testcase name="f" time="0.001" classname="fps.regression_mainsuite.LoginTestCases"/>
</testsuite> <!-- fps.regression_mainsuite.LoginTestCases -->
