<?xml version="1.0" encoding="UTF-8"?>
<!-- Generated by org.testng.reporters.JUnitReportReporter -->
<testsuite hostname="Cristhians-MacBook-Pro.local" name="fps.regression_mainsuite.Functional_Sprint4" tests="1" failures="0" timestamp="16 Jun 2016 16:21:22 GMT" time="24.448" errors="0">
  <testcase name="redondeoPrecioProducto" time="24.448" classname="fps.regression_mainsuite.Functional_Sprint4"/>
</testsuite> <!-- fps.regression_mainsuite.Functional_Sprint4 -->
