<?xml version="1.0" encoding="UTF-8"?>
<!-- Generated by org.testng.reporters.JUnitReportReporter -->
<testsuite hostname="Cristhians-MacBook-Pro.local" name="fps.regression_mainsuite.Functional_Suite" tests="1" failures="0" timestamp="10 Jun 2016 15:10:34 GMT" time="7.429" errors="0">
  <testcase name="registrarNuevoUsuario" time="7.429" classname="fps.regression_mainsuite.Functional_Suite"/>
</testsuite> <!-- fps.regression_mainsuite.Functional_Suite -->
