<?xml version="1.0" encoding="UTF-8"?>
<!-- Generated by org.testng.reporters.JUnitReportReporter -->
<testsuite hostname="Cristhians-MacBook-Pro.local" name="fps.testsuite.sprint3.RegistroTestCases" tests="1" failures="0" timestamp="9 Jun 2016 17:58:07 GMT" time="4.549" errors="0">
  <testcase name="iniciarsesion" time="4.549" classname="fps.testsuite.sprint3.RegistroTestCases"/>
</testsuite> <!-- fps.testsuite.sprint3.RegistroTestCases -->
