<?xml version="1.0" encoding="UTF-8"?>
<!-- Generated by org.testng.reporters.JUnitReportReporter -->
<testsuite hostname="Cristhians-MacBook-Pro.local" name="fps.testsuite.sprint3.CarritoTestCases" tests="1" failures="0" timestamp="9 Jun 2016 19:54:47 GMT" time="24.486" errors="0">
  <testcase name="loginconcorreo" time="24.486" classname="fps.testsuite.sprint3.CarritoTestCases"/>
</testsuite> <!-- fps.testsuite.sprint3.CarritoTestCases -->
