<?xml version="1.0" encoding="UTF-8"?>
<!-- Generated by org.testng.reporters.JUnitReportReporter -->
<testsuite hostname="Cristhians-MacBook-Pro.local" name="fps.regression_mainsuite.Functional_Sprint3" tests="11" failures="0" timestamp="15 Jun 2016 21:44:52 GMT" time="83.912" errors="0">
  <testcase name="redondeodeVouchersPorcentaje" time="11.509" classname="fps.regression_mainsuite.Functional_Sprint3"/>
  <testcase name="mostrarPreciodelProducto" time="11.109" classname="fps.regression_mainsuite.Functional_Sprint3"/>
  <testcase name="mostrarinfodelproducto" time="8.342" classname="fps.regression_mainsuite.Functional_Sprint3"/>
  <testcase name="codigodeProducto8digitos" time="5.110" classname="fps.regression_mainsuite.Functional_Sprint3"/>
  <testcase name="eliminarDesdeElMiniCart" time="0.868" classname="fps.regression_mainsuite.Functional_Sprint3"/>
  <testcase name="seguircomprando" time="8.501" classname="fps.regression_mainsuite.Functional_Sprint3"/>
  <testcase name="redondeoPrecioProducto" time="2.841" classname="fps.regression_mainsuite.Functional_Sprint3"/>
  <testcase name="modificarCantidadProducto" time="6.188" classname="fps.regression_mainsuite.Functional_Sprint3"/>
  <testcase name="finalizarCompra" time="11.251" classname="fps.regression_mainsuite.Functional_Sprint3"/>
  <testcase name="removerProductodelCarrito" time="13.118" classname="fps.regression_mainsuite.Functional_Sprint3"/>
  <testcase name="nohaycalculodeImpuestos" time="5.075" classname="fps.regression_mainsuite.Functional_Sprint3"/>
</testsuite> <!-- fps.regression_mainsuite.Functional_Sprint3 -->
