<?xml version="1.0" encoding="UTF-8"?>
<!-- Generated by org.testng.reporters.JUnitReportReporter -->
<testsuite hostname="Cristhians-MacBook-Pro.local" name="fps.testsuite.sprint3.RegistrationCases" tests="1" failures="0" timestamp="1 Jun 2016 20:43:44 GMT" time="11.212" errors="0">
  <testcase name="adicionarproductocarrito" time="11.212" classname="fps.testsuite.sprint3.RegistrationCases"/>
</testsuite> <!-- fps.testsuite.sprint3.RegistrationCases -->
