<?xml version="1.0" encoding="UTF-8"?>
<!-- Generated by org.testng.reporters.JUnitReportReporter -->
<testsuite hostname="Cristhians-MacBook-Pro.local" name="fps.regression_mainsuite.CerrarSesion" tests="1" failures="0" timestamp="15 Jun 2016 13:57:10 GMT" time="7.974" errors="0">
  <testcase name="cerrarSesion" time="7.974" classname="fps.regression_mainsuite.CerrarSesion"/>
</testsuite> <!-- fps.regression_mainsuite.CerrarSesion -->
