<?xml version="1.0" encoding="UTF-8"?>
<!-- Generated by org.testng.reporters.JUnitReportReporter -->
<testsuite hostname="Cristhians-MacBook-Pro.local" name="fps.testsuite.sprint3.CarritodeComprasTestCases" tests="3" failures="0" timestamp="2 Jun 2016 19:33:23 GMT" time="33.050" errors="0">
  <testcase name="iniciarsesion" time="10.303" classname="fps.testsuite.sprint3.CarritodeComprasTestCases"/>
  <testcase name="TC34_removerproductocarrito" time="10.646" classname="fps.testsuite.sprint3.CarritodeComprasTestCases"/>
  <testcase name="TC37_actualizarprecio" time="12.101" classname="fps.testsuite.sprint3.CarritodeComprasTestCases"/>
</testsuite> <!-- fps.testsuite.sprint3.CarritodeComprasTestCases -->
